#-----------------------------------------------------------
# Vivado v2014.4 (64-bit)
# SW Build 1071353 on Tue Nov 18 16:47:07 MST 2014
# IP Build 1070531 on Tue Nov 18 01:10:18 MST 2014
# Start of session at: Sat Feb  7 23:17:13 2015
# Process ID: 18356
# Log file: /root/base_zc706/vivado.log
# Journal file: /root/base_zc706/vivado.jou
#-----------------------------------------------------------
start_gui
open_project /root/base_zc706/base_zc706.xpr
Scanning sources...
Finished scanning sources
INFO: [IP_Flow 19-234] Refreshing IP repositories
INFO: [IP_Flow 19-1700] Loaded user IP repository '/root/base_zc706/ip'.
INFO: [IP_Flow 19-2313] Loaded Vivado IP repository '/opt/Xilinx/Vivado/2014.4/data/ip'.
open_project: Time (s): cpu = 00:00:33 ; elapsed = 00:00:15 . Memory (MB): peak = 5802.211 ; gain = 202.555 ; free physical = 388 ; free virtual = 7080
file mkdir /root/base_zc706/base_zc706.sdk
file copy -force /root/base_zc706/base_zc706.runs/impl_1/Z_system_wrapper.sysdef /root/base_zc706/base_zc706.sdk/Z_system_wrapper.hdf

launch_sdk -workspace /root/base_zc706/base_zc706.sdk -hwspec /root/base_zc706/base_zc706.sdk/Z_system_wrapper.hdf
INFO: [Vivado 12-393] Launching SDK...
INFO: [Vivado 12-417] Running xsdk -workspace /root/base_zc706/base_zc706.sdk -hwspec /root/base_zc706/base_zc706.sdk/Z_system_wrapper.hdf
INFO: [Vivado 12-3157] SDK launch initiated. Please check console for any further messages.
exit
INFO: [Common 17-206] Exiting Vivado at Sun Feb  8 09:16:49 2015...
