#-----------------------------------------------------------
# Webtalk v2014.4 (64-bit)
# SW Build 1071353 on Tue Nov 18 16:48:31 MST 2014
# 
# Start of session at: Thu Feb 12 03:24:05 2015
# Process ID: 2199
# Log file: /root/base_zc706/base_zc706.sdk/webtalk/webtalk.log
# Journal file: /root/base_zc706/base_zc706.sdk/webtalk/webtalk.jou
#-----------------------------------------------------------
WARNING: [Common 17-204] Your XILINX environment variable is undefined. You will not be able to run Synthesis and Implementation using ISE based strategies, or import ngc netlists. Please set up your XILINX environment to get full functionality.
source sdk_webtalk.tcl
# webtalk_init -webtalk_dir /root/base_zc706/base_zc706.sdk/webtalk
# webtalk_register_client -client project
# webtalk_add_data -client project -key date_generated -value "Thu Feb 12 03:24:04 2015" -context "software_version_and_target_device"
# webtalk_add_data -client project -key product_version -value "SDK v2014.4" -context "software_version_and_target_device"
# webtalk_add_data -client project -key build_version -value "2014.4" -context "software_version_and_target_device"
# webtalk_add_data -client project -key os_platform -value "amd64" -context "software_version_and_target_device"
# webtalk_add_data -client project -key registration_id -value "210930970_1777503011_210589117_868" -context "software_version_and_target_device"
# webtalk_add_data -client project -key tool_flow -value "SDK" -context "software_version_and_target_device"
# webtalk_add_data -client project -key beta -value "false" -context "software_version_and_target_device"
# webtalk_add_data -client project -key route_design -value "NA" -context "software_version_and_target_device"
# webtalk_add_data -client project -key target_family -value "NA" -context "software_version_and_target_device"
# webtalk_add_data -client project -key target_device -value "NA" -context "software_version_and_target_device"
# webtalk_add_data -client project -key target_package -value "NA" -context "software_version_and_target_device"
# webtalk_add_data -client project -key target_speed -value "NA" -context "software_version_and_target_device"
# webtalk_add_data -client project -key random_id -value "q77v9v147vrcc6tu2g9u10c3r5" -context "software_version_and_target_device"
# webtalk_add_data -client project -key project_id -value "2014.4_53" -context "software_version_and_target_device"
# webtalk_add_data -client project -key project_iteration -value "53" -context "software_version_and_target_device"
# webtalk_add_data -client project -key os_name -value "Ubuntu" -context "user_environment"
# webtalk_add_data -client project -key os_release -value "Ubuntu 14.04.1 LTS" -context "user_environment"
# webtalk_add_data -client project -key cpu_name -value "Intel(R) Core(TM) i7-4850HQ CPU @ 2.30GHz" -context "user_environment"
# webtalk_add_data -client project -key cpu_speed -value "2294.000 MHz" -context "user_environment"
# webtalk_add_data -client project -key total_processors -value "1" -context "user_environment"
# webtalk_add_data -client project -key system_ram -value "8.000 GB" -context "user_environment"
# webtalk_register_client -client sdk
# webtalk_add_data -client sdk -key uid -value "1423510621000" -context "sdk\\\\hardware/1423510621000"
# webtalk_add_data -client sdk -key isZynq -value "true" -context "sdk\\\\hardware/1423510621000"
# webtalk_add_data -client sdk -key Processors -value "2" -context "sdk\\\\hardware/1423510621000"
# webtalk_add_data -client sdk -key VivadoVersion -value "2014.4" -context "sdk\\\\hardware/1423510621000"
# webtalk_add_data -client sdk -key Arch -value "zynq" -context "sdk\\\\hardware/1423510621000"
# webtalk_add_data -client sdk -key Device -value "7z045" -context "sdk\\\\hardware/1423510621000"
# webtalk_add_data -client sdk -key IsHandoff -value "true" -context "sdk\\\\hardware/1423510621000"
# webtalk_add_data -client sdk -key uid -value "1423510680000" -context "sdk\\\\bsp/1423510680000"
# webtalk_add_data -client sdk -key hwid -value "1423510621000" -context "sdk\\\\bsp/1423510680000"
# webtalk_add_data -client sdk -key os -value "device_tree" -context "sdk\\\\bsp/1423510680000"
# webtalk_add_data -client sdk -key apptemplate -value "null" -context "sdk\\\\bsp/1423510680000"
# webtalk_add_data -client sdk -key uid -value "1423674954000" -context "sdk\\\\bsp/1423674954000"
# webtalk_add_data -client sdk -key hwid -value "1423510621000" -context "sdk\\\\bsp/1423674954000"
# webtalk_add_data -client sdk -key os -value "standalone" -context "sdk\\\\bsp/1423674954000"
# webtalk_add_data -client sdk -key apptemplate -value "lwip_echo_server" -context "sdk\\\\bsp/1423674954000"
# webtalk_add_data -client sdk -key uid -value "1423674957000" -context "sdk\\\\application/1423674957000"
# webtalk_add_data -client sdk -key hwid -value "1423510621000" -context "sdk\\\\application/1423674957000"
# webtalk_add_data -client sdk -key bspid -value "1423674954000" -context "sdk\\\\application/1423674957000"
# webtalk_add_data -client sdk -key newbsp -value "true" -context "sdk\\\\application/1423674957000"
# webtalk_add_data -client sdk -key os -value "standalone" -context "sdk\\\\application/1423674957000"
# webtalk_add_data -client sdk -key apptemplate -value "lwip_echo_server" -context "sdk\\\\application/1423674957000"
# webtalk_transmit -clientid 2431862917 -regid "210930970_1777503011_210589117_868" -xml /root/base_zc706/base_zc706.sdk/webtalk/usage_statistics_ext_sdk.xml -html /root/base_zc706/base_zc706.sdk/webtalk/usage_statistics_ext_sdk.html -wdm /root/base_zc706/base_zc706.sdk/webtalk/sdk_webtalk.wdm -intro "<H3>SDK Usage Report</H3><BR>"

    while executing
"webtalk_transmit -clientid 2431862917 -regid "210930970_1777503011_210589117_868" -xml /root/base_zc706/base_zc706.sdk/webtalk/usage_statistics_ext_sd..."
    (file "sdk_webtalk.tcl" line 46)
INFO: [Common 17-206] Exiting Webtalk at Thu Feb 12 03:24:05 2015...
